<?xml version="1.0" encoding="UTF-8"?>
<!-- Generated by org.testng.reporters.JUnitXMLReporter -->
<testsuite ignored="0" hostname="LAPTOP-1CIBB2A9" failures="0" tests="2" name="Default test" time="0.053" errors="0" timestamp="2022-09-20T10:35:32 IST">
  <testcase classname="test01.TestClass1Flipkart" name="@BeforeTest launchTheBrowser" time="-1.663650332201E9">
    <failure type="org.testng.TestNGException" message="
Parameter &amp;apos;browser&amp;apos; is required by BeforeTest on method launchTheBrowser but has not been marked @Optional or defined
in C:\Users\91992\AppData\Local\Temp\testng-eclipse-999429861\testng-customsuite.xml">
      <![CDATA[org.testng.TestNGException: 
Parameter 'browser' is required by BeforeTest on method launchTheBrowser but has not been marked @Optional or defined
in C:\Users\91992\AppData\Local\Temp\testng-eclipse-999429861\testng-customsuite.xml
at org.testng.internal.Parameters.createParams(Parameters.java:270)
at org.testng.internal.Parameters.createParametersForMethod(Parameters.java:358)
at org.testng.internal.Parameters.createParameters(Parameters.java:700)
at org.testng.internal.Parameters.createConfigurationParameters(Parameters.java:168)
at org.testng.internal.ConfigInvoker.invokeConfigurations(ConfigInvoker.java:302)
at org.testng.TestRunner.invokeTestConfigurations(TestRunner.java:637)
at org.testng.TestRunner.beforeRun(TestRunner.java:627)
at org.testng.TestRunner.run(TestRunner.java:589)
at org.testng.SuiteRunner.runTest(SuiteRunner.java:377)
at org.testng.SuiteRunner.runSequentially(SuiteRunner.java:371)
at org.testng.SuiteRunner.privateRun(SuiteRunner.java:332)
at org.testng.SuiteRunner.run(SuiteRunner.java:276)
at org.testng.SuiteRunnerWorker.runSuite(SuiteRunnerWorker.java:53)
at org.testng.SuiteRunnerWorker.run(SuiteRunnerWorker.java:96)
at org.testng.TestNG.runSuitesSequentially(TestNG.java:1212)
at org.testng.TestNG.runSuitesLocally(TestNG.java:1134)
at org.testng.TestNG.runSuites(TestNG.java:1063)
at org.testng.TestNG.run(TestNG.java:1031)
at org.testng.remote.AbstractRemoteTestNG.run(AbstractRemoteTestNG.java:115)
at org.testng.remote.RemoteTestNG.initAndRun(RemoteTestNG.java:251)
at org.testng.remote.RemoteTestNG.main(RemoteTestNG.java:77)
]]>
    </failure>
  </testcase> <!-- @BeforeTest launchTheBrowser -->
  <testcase classname="test01.TestClass1Flipkart" name="@BeforeClass createPomObjects" time="-1.663650332223E9">
    <skipped/>
  </testcase> <!-- @BeforeClass createPomObjects -->
  <testcase classname="test01.TestClass1Flipkart" name="@BeforeMethod loginfunctionality" time="-1.663650332238E9">
    <skipped/>
  </testcase> <!-- @BeforeMethod loginfunctionality -->
  <testcase classname="test01.TestClass1Flipkart" name="@AfterMethod logoutFunctionality" time="-1.663650332242E9">
    <skipped/>
  </testcase> <!-- @AfterMethod logoutFunctionality -->
  <testcase classname="test01.TestClass1Flipkart" name="@BeforeMethod loginfunctionality" time="-1.663650332243E9">
    <skipped/>
  </testcase> <!-- @BeforeMethod loginfunctionality -->
  <testcase classname="test01.TestClass1Flipkart" name="@AfterMethod logoutFunctionality" time="-1.663650332245E9">
    <skipped/>
  </testcase> <!-- @AfterMethod logoutFunctionality -->
  <testcase classname="test01.TestClass1Flipkart" name="@AfterClass cleanPomObjects" time="-1.663650332246E9">
    <skipped/>
  </testcase> <!-- @AfterClass cleanPomObjects -->
  <testcase classname="test01.TestClass1Flipkart" name="@AfterTest closebrowser" time="-1.663650332249E9">
    <skipped/>
  </testcase> <!-- @AfterTest closebrowser -->
  <testcase classname="test01.TestClass1Flipkart" name="addToCart" time="0.0">
    <skipped/>
  </testcase> <!-- addToCart -->
  <testcase classname="test01.TestClass1Flipkart" name="removecart" time="0.0">
    <skipped/>
  </testcase> <!-- removecart -->
</testsuite> <!-- Default test -->
