<?xml version="1.0" encoding="UTF-8"?>
<testng-results ignored="0" total="6" passed="4" failed="2" skipped="0">
  <reporter-output>
  </reporter-output>
  <suite started-at="2022-09-20T11:23:16 IST" name="Suite" finished-at="2022-09-20T11:26:44 IST" duration-ms="208455">
    <groups>
    </groups>
    <test started-at="2022-09-20T11:23:16 IST" name="ChromeTest" finished-at="2022-09-20T11:25:01 IST" duration-ms="105118">
      <class name="test01.TestClass1Flipkart">
        <test-method is-config="true" signature="launchTheBrowser(java.lang.String)[pri:0, instance:test01.TestClass1Flipkart@6b927fb]" started-at="2022-09-20T11:23:16 IST" name="launchTheBrowser" finished-at="2022-09-20T11:23:17 IST" duration-ms="1250" status="PASS">
          <params>
            <param index="0">
              <value>
                <![CDATA[Chrome]]>
              </value>
            </param>
          </params>
          <reporter-output>
          </reporter-output>
        </test-method> <!-- launchTheBrowser -->
        <test-method is-config="true" signature="createPomObjects()[pri:0, instance:test01.TestClass1Flipkart@6b927fb]" started-at="2022-09-20T11:23:18 IST" name="createPomObjects" finished-at="2022-09-20T11:23:18 IST" duration-ms="23" status="PASS">
          <reporter-output>
          </reporter-output>
        </test-method> <!-- createPomObjects -->
        <test-method is-config="true" signature="loginfunctionality()[pri:0, instance:test01.TestClass1Flipkart@6b927fb]" started-at="2022-09-20T11:23:18 IST" name="loginfunctionality" finished-at="2022-09-20T11:23:35 IST" duration-ms="17258" status="PASS">
          <reporter-output>
          </reporter-output>
        </test-method> <!-- loginfunctionality -->
        <test-method signature="addToCart()[pri:0, instance:test01.TestClass1Flipkart@6b927fb]" started-at="2022-09-20T11:23:35 IST" name="addToCart" finished-at="2022-09-20T11:24:02 IST" duration-ms="27238" status="PASS">
          <reporter-output>
          </reporter-output>
        </test-method> <!-- addToCart -->
        <test-method is-config="true" signature="logoutFunctionality()[pri:0, instance:test01.TestClass1Flipkart@6b927fb]" started-at="2022-09-20T11:24:02 IST" name="logoutFunctionality" finished-at="2022-09-20T11:24:10 IST" duration-ms="8270" status="PASS">
          <reporter-output>
          </reporter-output>
        </test-method> <!-- logoutFunctionality -->
        <test-method is-config="true" signature="loginfunctionality()[pri:0, instance:test01.TestClass1Flipkart@6b927fb]" started-at="2022-09-20T11:24:10 IST" name="loginfunctionality" finished-at="2022-09-20T11:24:17 IST" duration-ms="6697" status="PASS">
          <reporter-output>
          </reporter-output>
        </test-method> <!-- loginfunctionality -->
        <test-method signature="removecart()[pri:0, instance:test01.TestClass1Flipkart@6b927fb]" started-at="2022-09-20T11:24:17 IST" name="removecart" finished-at="2022-09-20T11:24:27 IST" duration-ms="10346" status="PASS">
          <reporter-output>
          </reporter-output>
        </test-method> <!-- removecart -->
        <test-method is-config="true" signature="logoutFunctionality()[pri:0, instance:test01.TestClass1Flipkart@6b927fb]" started-at="2022-09-20T11:24:27 IST" name="logoutFunctionality" finished-at="2022-09-20T11:24:36 IST" duration-ms="8210" status="PASS">
          <reporter-output>
          </reporter-output>
        </test-method> <!-- logoutFunctionality -->
        <test-method is-config="true" signature="cleanPomObjects()[pri:0, instance:test01.TestClass1Flipkart@6b927fb]" started-at="2022-09-20T11:24:36 IST" name="cleanPomObjects" finished-at="2022-09-20T11:24:36 IST" duration-ms="0" status="PASS">
          <reporter-output>
          </reporter-output>
        </test-method> <!-- cleanPomObjects -->
        <test-method is-config="true" signature="closebrowser()[pri:0, instance:test01.TestClass1Flipkart@6b927fb]" started-at="2022-09-20T11:25:00 IST" name="closebrowser" finished-at="2022-09-20T11:25:00 IST" duration-ms="268" status="PASS">
          <reporter-output>
          </reporter-output>
        </test-method> <!-- closebrowser -->
      </class> <!-- test01.TestClass1Flipkart -->
      <class name="test01.TestClass2Flipkart">
        <test-method is-config="true" signature="launchTheBrowser(java.lang.String)[pri:0, instance:test01.TestClass2Flipkart@294425a7]" started-at="2022-09-20T11:23:17 IST" name="launchTheBrowser" finished-at="2022-09-20T11:23:18 IST" duration-ms="792" status="PASS">
          <params>
            <param index="0">
              <value>
                <![CDATA[Chrome]]>
              </value>
            </param>
          </params>
          <reporter-output>
          </reporter-output>
        </test-method> <!-- launchTheBrowser -->
        <test-method is-config="true" signature="createPomObjects()[pri:0, instance:test01.TestClass2Flipkart@294425a7]" started-at="2022-09-20T11:24:36 IST" name="createPomObjects" finished-at="2022-09-20T11:24:36 IST" duration-ms="5" status="PASS">
          <reporter-output>
          </reporter-output>
        </test-method> <!-- createPomObjects -->
        <test-method is-config="true" signature="loginfunctionality()[pri:0, instance:test01.TestClass2Flipkart@294425a7]" started-at="2022-09-20T11:24:36 IST" name="loginfunctionality" finished-at="2022-09-20T11:24:46 IST" duration-ms="10711" status="PASS">
          <reporter-output>
          </reporter-output>
        </test-method> <!-- loginfunctionality -->
        <test-method signature="searchFunctionality()[pri:0, instance:test01.TestClass2Flipkart@294425a7]" started-at="2022-09-20T11:24:46 IST" name="searchFunctionality" finished-at="2022-09-20T11:24:52 IST" duration-ms="5278" status="FAIL">
          <exception class="java.lang.AssertionError">
            <message>
              <![CDATA[expected [https://www.flipkart.com/search?q=laptops&otracker=search&otracker1=search&marketplace=FLIPKART&as-show=off&as=off] but found [https://www.flipkart.com/search?q=laptop&otracker=search&otracker1=search&marketplace=FLIPKART&as-show=off&as=off]]]>
            </message>
            <full-stacktrace>
              <![CDATA[java.lang.AssertionError: expected [https://www.flipkart.com/search?q=laptops&otracker=search&otracker1=search&marketplace=FLIPKART&as-show=off&as=off] but found [https://www.flipkart.com/search?q=laptop&otracker=search&otracker1=search&marketplace=FLIPKART&as-show=off&as=off]
at org.testng.Assert.fail(Assert.java:99)
at org.testng.Assert.failNotEquals(Assert.java:1037)
at org.testng.Assert.assertEqualsImpl(Assert.java:140)
at org.testng.Assert.assertEquals(Assert.java:122)
at org.testng.Assert.assertEquals(Assert.java:629)
at org.testng.Assert.assertEquals(Assert.java:639)
at test01.TestClass2Flipkart.searchFunctionality(TestClass2Flipkart.java:80)
at java.base/jdk.internal.reflect.DirectMethodHandleAccessor.invoke(DirectMethodHandleAccessor.java:104)
at java.base/java.lang.reflect.Method.invoke(Method.java:577)
at org.testng.internal.MethodInvocationHelper.invokeMethod(MethodInvocationHelper.java:133)
at org.testng.internal.TestInvoker.invokeMethod(TestInvoker.java:598)
at org.testng.internal.TestInvoker.invokeTestMethod(TestInvoker.java:173)
at org.testng.internal.MethodRunner.runInSequence(MethodRunner.java:46)
at org.testng.internal.TestInvoker$MethodInvocationAgent.invoke(TestInvoker.java:824)
at org.testng.internal.TestInvoker.invokeTestMethods(TestInvoker.java:146)
at org.testng.internal.TestMethodWorker.invokeTestMethods(TestMethodWorker.java:146)
at org.testng.internal.TestMethodWorker.run(TestMethodWorker.java:128)
at java.base/java.util.ArrayList.forEach(ArrayList.java:1511)
at org.testng.TestRunner.privateRun(TestRunner.java:794)
at org.testng.TestRunner.run(TestRunner.java:596)
at org.testng.SuiteRunner.runTest(SuiteRunner.java:377)
at org.testng.SuiteRunner.runSequentially(SuiteRunner.java:371)
at org.testng.SuiteRunner.privateRun(SuiteRunner.java:332)
at org.testng.SuiteRunner.run(SuiteRunner.java:276)
at org.testng.SuiteRunnerWorker.runSuite(SuiteRunnerWorker.java:53)
at org.testng.SuiteRunnerWorker.run(SuiteRunnerWorker.java:96)
at org.testng.TestNG.runSuitesSequentially(TestNG.java:1212)
at org.testng.TestNG.runSuitesLocally(TestNG.java:1134)
at org.testng.TestNG.runSuites(TestNG.java:1063)
at org.testng.TestNG.run(TestNG.java:1031)
at org.testng.remote.AbstractRemoteTestNG.run(AbstractRemoteTestNG.java:115)
at org.testng.remote.RemoteTestNG.initAndRun(RemoteTestNG.java:251)
at org.testng.remote.RemoteTestNG.main(RemoteTestNG.java:77)
]]>
            </full-stacktrace>
          </exception> <!-- java.lang.AssertionError -->
          <reporter-output>
          </reporter-output>
        </test-method> <!-- searchFunctionality -->
        <test-method is-config="true" signature="logoutFunctionality(org.testng.ITestResult)[pri:0, instance:test01.TestClass2Flipkart@294425a7]" started-at="2022-09-20T11:24:52 IST" name="logoutFunctionality" finished-at="2022-09-20T11:25:00 IST" duration-ms="8555" status="PASS">
          <params>
            <param index="0">
              <value>
                <![CDATA[[TestResult name=searchFunctionality status=FAILURE method=TestClass2Flipkart.searchFunctionality()[pri:0, instance:test01.TestClass2Flipkart@294425a7] output={null}]]]>
              </value>
            </param>
          </params>
          <reporter-output>
          </reporter-output>
        </test-method> <!-- logoutFunctionality -->
        <test-method is-config="true" signature="cleanPomObjects()[pri:0, instance:test01.TestClass2Flipkart@294425a7]" started-at="2022-09-20T11:25:00 IST" name="cleanPomObjects" finished-at="2022-09-20T11:25:00 IST" duration-ms="0" status="PASS">
          <reporter-output>
          </reporter-output>
        </test-method> <!-- cleanPomObjects -->
        <test-method is-config="true" signature="closebrowser()[pri:0, instance:test01.TestClass2Flipkart@294425a7]" started-at="2022-09-20T11:25:00 IST" name="closebrowser" finished-at="2022-09-20T11:25:01 IST" duration-ms="180" status="PASS">
          <reporter-output>
          </reporter-output>
        </test-method> <!-- closebrowser -->
      </class> <!-- test01.TestClass2Flipkart -->
    </test> <!-- ChromeTest -->
    <test started-at="2022-09-20T11:25:01 IST" name="EdgeTest" finished-at="2022-09-20T11:26:44 IST" duration-ms="103294">
      <class name="test01.TestClass1Flipkart">
        <test-method is-config="true" signature="launchTheBrowser(java.lang.String)[pri:0, instance:test01.TestClass1Flipkart@7d8995e]" started-at="2022-09-20T11:25:01 IST" name="launchTheBrowser" finished-at="2022-09-20T11:25:03 IST" duration-ms="2536" status="PASS">
          <params>
            <param index="0">
              <value>
                <![CDATA[Edge]]>
              </value>
            </param>
          </params>
          <reporter-output>
          </reporter-output>
        </test-method> <!-- launchTheBrowser -->
        <test-method is-config="true" signature="createPomObjects()[pri:0, instance:test01.TestClass1Flipkart@7d8995e]" started-at="2022-09-20T11:25:06 IST" name="createPomObjects" finished-at="2022-09-20T11:25:06 IST" duration-ms="1" status="PASS">
          <reporter-output>
          </reporter-output>
        </test-method> <!-- createPomObjects -->
        <test-method is-config="true" signature="loginfunctionality()[pri:0, instance:test01.TestClass1Flipkart@7d8995e]" started-at="2022-09-20T11:25:06 IST" name="loginfunctionality" finished-at="2022-09-20T11:25:19 IST" duration-ms="12917" status="PASS">
          <reporter-output>
          </reporter-output>
        </test-method> <!-- loginfunctionality -->
        <test-method signature="addToCart()[pri:0, instance:test01.TestClass1Flipkart@7d8995e]" started-at="2022-09-20T11:25:19 IST" name="addToCart" finished-at="2022-09-20T11:25:44 IST" duration-ms="25720" status="PASS">
          <reporter-output>
          </reporter-output>
        </test-method> <!-- addToCart -->
        <test-method is-config="true" signature="logoutFunctionality()[pri:0, instance:test01.TestClass1Flipkart@7d8995e]" started-at="2022-09-20T11:25:44 IST" name="logoutFunctionality" finished-at="2022-09-20T11:25:53 IST" duration-ms="8241" status="PASS">
          <reporter-output>
          </reporter-output>
        </test-method> <!-- logoutFunctionality -->
        <test-method is-config="true" signature="loginfunctionality()[pri:0, instance:test01.TestClass1Flipkart@7d8995e]" started-at="2022-09-20T11:25:53 IST" name="loginfunctionality" finished-at="2022-09-20T11:25:59 IST" duration-ms="6285" status="PASS">
          <reporter-output>
          </reporter-output>
        </test-method> <!-- loginfunctionality -->
        <test-method signature="removecart()[pri:0, instance:test01.TestClass1Flipkart@7d8995e]" started-at="2022-09-20T11:25:59 IST" name="removecart" finished-at="2022-09-20T11:26:09 IST" duration-ms="10407" status="PASS">
          <reporter-output>
          </reporter-output>
        </test-method> <!-- removecart -->
        <test-method is-config="true" signature="logoutFunctionality()[pri:0, instance:test01.TestClass1Flipkart@7d8995e]" started-at="2022-09-20T11:26:09 IST" name="logoutFunctionality" finished-at="2022-09-20T11:26:18 IST" duration-ms="8226" status="PASS">
          <reporter-output>
          </reporter-output>
        </test-method> <!-- logoutFunctionality -->
        <test-method is-config="true" signature="cleanPomObjects()[pri:0, instance:test01.TestClass1Flipkart@7d8995e]" started-at="2022-09-20T11:26:18 IST" name="cleanPomObjects" finished-at="2022-09-20T11:26:18 IST" duration-ms="0" status="PASS">
          <reporter-output>
          </reporter-output>
        </test-method> <!-- cleanPomObjects -->
        <test-method is-config="true" signature="closebrowser()[pri:0, instance:test01.TestClass1Flipkart@7d8995e]" started-at="2022-09-20T11:26:43 IST" name="closebrowser" finished-at="2022-09-20T11:26:44 IST" duration-ms="321" status="PASS">
          <reporter-output>
          </reporter-output>
        </test-method> <!-- closebrowser -->
      </class> <!-- test01.TestClass1Flipkart -->
      <class name="test01.TestClass2Flipkart">
        <test-method is-config="true" signature="launchTheBrowser(java.lang.String)[pri:0, instance:test01.TestClass2Flipkart@130d63be]" started-at="2022-09-20T11:25:03 IST" name="launchTheBrowser" finished-at="2022-09-20T11:25:06 IST" duration-ms="2494" status="PASS">
          <params>
            <param index="0">
              <value>
                <![CDATA[Edge]]>
              </value>
            </param>
          </params>
          <reporter-output>
          </reporter-output>
        </test-method> <!-- launchTheBrowser -->
        <test-method is-config="true" signature="createPomObjects()[pri:0, instance:test01.TestClass2Flipkart@130d63be]" started-at="2022-09-20T11:26:18 IST" name="createPomObjects" finished-at="2022-09-20T11:26:18 IST" duration-ms="0" status="PASS">
          <reporter-output>
          </reporter-output>
        </test-method> <!-- createPomObjects -->
        <test-method is-config="true" signature="loginfunctionality()[pri:0, instance:test01.TestClass2Flipkart@130d63be]" started-at="2022-09-20T11:26:18 IST" name="loginfunctionality" finished-at="2022-09-20T11:26:30 IST" duration-ms="12215" status="PASS">
          <reporter-output>
          </reporter-output>
        </test-method> <!-- loginfunctionality -->
        <test-method signature="searchFunctionality()[pri:0, instance:test01.TestClass2Flipkart@130d63be]" started-at="2022-09-20T11:26:30 IST" name="searchFunctionality" finished-at="2022-09-20T11:26:35 IST" duration-ms="5200" status="FAIL">
          <exception class="java.lang.AssertionError">
            <message>
              <![CDATA[expected [https://www.flipkart.com/search?q=laptops&otracker=search&otracker1=search&marketplace=FLIPKART&as-show=off&as=off] but found [https://www.flipkart.com/search?q=laptop&otracker=search&otracker1=search&marketplace=FLIPKART&as-show=off&as=off]]]>
            </message>
            <full-stacktrace>
              <![CDATA[java.lang.AssertionError: expected [https://www.flipkart.com/search?q=laptops&otracker=search&otracker1=search&marketplace=FLIPKART&as-show=off&as=off] but found [https://www.flipkart.com/search?q=laptop&otracker=search&otracker1=search&marketplace=FLIPKART&as-show=off&as=off]
at org.testng.Assert.fail(Assert.java:99)
at org.testng.Assert.failNotEquals(Assert.java:1037)
at org.testng.Assert.assertEqualsImpl(Assert.java:140)
at org.testng.Assert.assertEquals(Assert.java:122)
at org.testng.Assert.assertEquals(Assert.java:629)
at org.testng.Assert.assertEquals(Assert.java:639)
at test01.TestClass2Flipkart.searchFunctionality(TestClass2Flipkart.java:80)
at java.base/jdk.internal.reflect.DirectMethodHandleAccessor.invoke(DirectMethodHandleAccessor.java:104)
at java.base/java.lang.reflect.Method.invoke(Method.java:577)
at org.testng.internal.MethodInvocationHelper.invokeMethod(MethodInvocationHelper.java:133)
at org.testng.internal.TestInvoker.invokeMethod(TestInvoker.java:598)
at org.testng.internal.TestInvoker.invokeTestMethod(TestInvoker.java:173)
at org.testng.internal.MethodRunner.runInSequence(MethodRunner.java:46)
at org.testng.internal.TestInvoker$MethodInvocationAgent.invoke(TestInvoker.java:824)
at org.testng.internal.TestInvoker.invokeTestMethods(TestInvoker.java:146)
at org.testng.internal.TestMethodWorker.invokeTestMethods(TestMethodWorker.java:146)
at org.testng.internal.TestMethodWorker.run(TestMethodWorker.java:128)
at java.base/java.util.ArrayList.forEach(ArrayList.java:1511)
at org.testng.TestRunner.privateRun(TestRunner.java:794)
at org.testng.TestRunner.run(TestRunner.java:596)
at org.testng.SuiteRunner.runTest(SuiteRunner.java:377)
at org.testng.SuiteRunner.runSequentially(SuiteRunner.java:371)
at org.testng.SuiteRunner.privateRun(SuiteRunner.java:332)
at org.testng.SuiteRunner.run(SuiteRunner.java:276)
at org.testng.SuiteRunnerWorker.runSuite(SuiteRunnerWorker.java:53)
at org.testng.SuiteRunnerWorker.run(SuiteRunnerWorker.java:96)
at org.testng.TestNG.runSuitesSequentially(TestNG.java:1212)
at org.testng.TestNG.runSuitesLocally(TestNG.java:1134)
at org.testng.TestNG.runSuites(TestNG.java:1063)
at org.testng.TestNG.run(TestNG.java:1031)
at org.testng.remote.AbstractRemoteTestNG.run(AbstractRemoteTestNG.java:115)
at org.testng.remote.RemoteTestNG.initAndRun(RemoteTestNG.java:251)
at org.testng.remote.RemoteTestNG.main(RemoteTestNG.java:77)
]]>
            </full-stacktrace>
          </exception> <!-- java.lang.AssertionError -->
          <reporter-output>
          </reporter-output>
        </test-method> <!-- searchFunctionality -->
        <test-method is-config="true" signature="logoutFunctionality(org.testng.ITestResult)[pri:0, instance:test01.TestClass2Flipkart@130d63be]" started-at="2022-09-20T11:26:35 IST" name="logoutFunctionality" finished-at="2022-09-20T11:26:43 IST" duration-ms="8459" status="PASS">
          <params>
            <param index="0">
              <value>
                <![CDATA[[TestResult name=searchFunctionality status=FAILURE method=TestClass2Flipkart.searchFunctionality()[pri:0, instance:test01.TestClass2Flipkart@130d63be] output={null}]]]>
              </value>
            </param>
          </params>
          <reporter-output>
          </reporter-output>
        </test-method> <!-- logoutFunctionality -->
        <test-method is-config="true" signature="cleanPomObjects()[pri:0, instance:test01.TestClass2Flipkart@130d63be]" started-at="2022-09-20T11:26:43 IST" name="cleanPomObjects" finished-at="2022-09-20T11:26:43 IST" duration-ms="0" status="PASS">
          <reporter-output>
          </reporter-output>
        </test-method> <!-- cleanPomObjects -->
        <test-method is-config="true" signature="closebrowser()[pri:0, instance:test01.TestClass2Flipkart@130d63be]" started-at="2022-09-20T11:26:44 IST" name="closebrowser" finished-at="2022-09-20T11:26:44 IST" duration-ms="265" status="PASS">
          <reporter-output>
          </reporter-output>
        </test-method> <!-- closebrowser -->
      </class> <!-- test01.TestClass2Flipkart -->
    </test> <!-- EdgeTest -->
  </suite> <!-- Suite -->
</testng-results>
