<?xml version="1.0" encoding="UTF-8"?>
<!-- Generated by org.testng.reporters.JUnitXMLReporter -->
<testsuite ignored="0" hostname="LAPTOP-1CIBB2A9" failures="1" tests="3" name="ChromeTest" time="105.118" errors="0" timestamp="2022-09-20T11:25:01 IST">
  <testcase classname="test01.TestClass1Flipkart" name="addToCart" time="27.238"/>
  <testcase classname="test01.TestClass1Flipkart" name="removecart" time="10.346"/>
  <testcase classname="test01.TestClass2Flipkart" name="searchFunctionality" time="5.278">
    <failure type="java.lang.AssertionError" message="expected [https://www.flipkart.com/search?q=laptops&amp;amp;otracker=search&amp;amp;otracker1=search&amp;amp;marketplace=FLIPKART&amp;amp;as-show=off&amp;amp;as=off] but found [https://www.flipkart.com/search?q=laptop&amp;amp;otracker=search&amp;amp;otracker1=search&amp;amp;marketplace=FLIPKART&amp;amp;as-show=off&amp;amp;as=off]">
      <![CDATA[java.lang.AssertionError: expected [https://www.flipkart.com/search?q=laptops&otracker=search&otracker1=search&marketplace=FLIPKART&as-show=off&as=off] but found [https://www.flipkart.com/search?q=laptop&otracker=search&otracker1=search&marketplace=FLIPKART&as-show=off&as=off]
at test01.TestClass2Flipkart.searchFunctionality(TestClass2Flipkart.java:80)
at java.base/java.util.ArrayList.forEach(ArrayList.java:1511)
... Removed 31 stack frames]]>
    </failure>
  </testcase> <!-- searchFunctionality -->
</testsuite> <!-- ChromeTest -->
